<?xml version="1.0" encoding="UTF-8"?>
<testsuite xmlns:xsi="http://www.w3.org/2001/XMLSchema-instance" xsi:noNamespaceSchemaLocation="https://maven.apache.org/surefire/maven-surefire-plugin/xsd/surefire-test-report-3.0.xsd" version="3.0" name="com.delivery.AppTest" time="0.053" tests="1" errors="0" skipped="0" failures="0">
  <properties>
    <property name="java.specification.version" value="17"/>
    <property name="sun.cpu.isalist" value="amd64"/>
    <property name="sun.jnu.encoding" value="Cp1252"/>
    <property name="java.class.path" value="D:\deliveryProject\projetoDelivery\target\test-classes;D:\deliveryProject\projetoDelivery\target\classes;C:\Users\deadm\.m2\repository\junit\junit\3.8.1\junit-3.8.1.jar;C:\Users\deadm\.m2\repository\org\springframework\boot\spring-boot-starter-data-jpa\2.5.7\spring-boot-starter-data-jpa-2.5.7.jar;C:\Users\deadm\.m2\repository\org\springframework\boot\spring-boot-starter-aop\2.5.7\spring-boot-starter-aop-2.5.7.jar;C:\Users\deadm\.m2\repository\org\aspectj\aspectjweaver\1.9.7\aspectjweaver-1.9.7.jar;C:\Users\deadm\.m2\repository\org\springframework\boot\spring-boot-starter-jdbc\2.5.7\spring-boot-starter-jdbc-2.5.7.jar;C:\Users\deadm\.m2\repository\com\zaxxer\HikariCP\4.0.3\HikariCP-4.0.3.jar;C:\Users\deadm\.m2\repository\org\springframework\spring-jdbc\5.3.13\spring-jdbc-5.3.13.jar;C:\Users\deadm\.m2\repository\jakarta\transaction\jakarta.transaction-api\1.3.3\jakarta.transaction-api-1.3.3.jar;C:\Users\deadm\.m2\repository\jakarta\persistence\jakarta.persistence-api\2.2.3\jakarta.persistence-api-2.2.3.jar;C:\Users\deadm\.m2\repository\org\hibernate\hibernate-core\5.4.32.Final\hibernate-core-5.4.32.Final.jar;C:\Users\deadm\.m2\repository\org\jboss\logging\jboss-logging\3.4.1.Final\jboss-logging-3.4.1.Final.jar;C:\Users\deadm\.m2\repository\org\javassist\javassist\3.27.0-GA\javassist-3.27.0-GA.jar;C:\Users\deadm\.m2\repository\net\bytebuddy\byte-buddy\1.10.22\byte-buddy-1.10.22.jar;C:\Users\deadm\.m2\repository\antlr\antlr\2.7.7\antlr-2.7.7.jar;C:\Users\deadm\.m2\repository\org\jboss\jandex\2.2.3.Final\jandex-2.2.3.Final.jar;C:\Users\deadm\.m2\repository\com\fasterxml\classmate\1.5.1\classmate-1.5.1.jar;C:\Users\deadm\.m2\repository\org\dom4j\dom4j\2.1.3\dom4j-2.1.3.jar;C:\Users\deadm\.m2\repository\org\hibernate\common\hibernate-commons-annotations\5.1.2.Final\hibernate-commons-annotations-5.1.2.Final.jar;C:\Users\deadm\.m2\repository\org\glassfish\jaxb\jaxb-runtime\2.3.1\jaxb-runtime-2.3.1.jar;C:\Users\deadm\.m2\repository\org\glassfish\jaxb\txw2\2.3.1\txw2-2.3.1.jar;C:\Users\deadm\.m2\repository\com\sun\istack\istack-commons-runtime\3.0.7\istack-commons-runtime-3.0.7.jar;C:\Users\deadm\.m2\repository\org\jvnet\staxex\stax-ex\1.8\stax-ex-1.8.jar;C:\Users\deadm\.m2\repository\com\sun\xml\fastinfoset\FastInfoset\1.2.15\FastInfoset-1.2.15.jar;C:\Users\deadm\.m2\repository\org\springframework\data\spring-data-jpa\2.5.7\spring-data-jpa-2.5.7.jar;C:\Users\deadm\.m2\repository\org\springframework\data\spring-data-commons\2.5.7\spring-data-commons-2.5.7.jar;C:\Users\deadm\.m2\repository\org\springframework\spring-orm\5.3.13\spring-orm-5.3.13.jar;C:\Users\deadm\.m2\repository\org\springframework\spring-context\5.3.13\spring-context-5.3.13.jar;C:\Users\deadm\.m2\repository\org\springframework\spring-tx\5.3.13\spring-tx-5.3.13.jar;C:\Users\deadm\.m2\repository\org\springframework\spring-beans\5.3.13\spring-beans-5.3.13.jar;C:\Users\deadm\.m2\repository\org\springframework\spring-core\5.3.13\spring-core-5.3.13.jar;C:\Users\deadm\.m2\repository\org\springframework\spring-jcl\5.3.13\spring-jcl-5.3.13.jar;C:\Users\deadm\.m2\repository\org\slf4j\slf4j-api\1.7.26\slf4j-api-1.7.26.jar;C:\Users\deadm\.m2\repository\org\springframework\spring-aspects\5.3.13\spring-aspects-5.3.13.jar;C:\Users\deadm\.m2\repository\org\postgresql\postgresql\42.6.0\postgresql-42.6.0.jar;C:\Users\deadm\.m2\repository\org\checkerframework\checker-qual\3.31.0\checker-qual-3.31.0.jar;C:\Users\deadm\.m2\repository\org\springframework\boot\spring-boot-starter-web\2.5.7\spring-boot-starter-web-2.5.7.jar;C:\Users\deadm\.m2\repository\org\springframework\boot\spring-boot-starter\2.5.7\spring-boot-starter-2.5.7.jar;C:\Users\deadm\.m2\repository\org\springframework\boot\spring-boot\2.5.7\spring-boot-2.5.7.jar;C:\Users\deadm\.m2\repository\org\springframework\boot\spring-boot-autoconfigure\2.5.7\spring-boot-autoconfigure-2.5.7.jar;C:\Users\deadm\.m2\repository\org\springframework\boot\spring-boot-starter-logging\2.5.7\spring-boot-starter-logging-2.5.7.jar;C:\Users\deadm\.m2\repository\ch\qos\logback\logback-classic\1.2.7\logback-classic-1.2.7.jar;C:\Users\deadm\.m2\repository\ch\qos\logback\logback-core\1.2.7\logback-core-1.2.7.jar;C:\Users\deadm\.m2\repository\org\apache\logging\log4j\log4j-to-slf4j\2.14.1\log4j-to-slf4j-2.14.1.jar;C:\Users\deadm\.m2\repository\org\apache\logging\log4j\log4j-api\2.14.1\log4j-api-2.14.1.jar;C:\Users\deadm\.m2\repository\org\slf4j\jul-to-slf4j\1.7.32\jul-to-slf4j-1.7.32.jar;C:\Users\deadm\.m2\repository\jakarta\annotation\jakarta.annotation-api\1.3.5\jakarta.annotation-api-1.3.5.jar;C:\Users\deadm\.m2\repository\org\yaml\snakeyaml\1.28\snakeyaml-1.28.jar;C:\Users\deadm\.m2\repository\org\springframework\boot\spring-boot-starter-json\2.5.7\spring-boot-starter-json-2.5.7.jar;C:\Users\deadm\.m2\repository\com\fasterxml\jackson\core\jackson-databind\2.12.5\jackson-databind-2.12.5.jar;C:\Users\deadm\.m2\repository\com\fasterxml\jackson\core\jackson-annotations\2.12.5\jackson-annotations-2.12.5.jar;C:\Users\deadm\.m2\repository\com\fasterxml\jackson\core\jackson-core\2.12.5\jackson-core-2.12.5.jar;C:\Users\deadm\.m2\repository\com\fasterxml\jackson\datatype\jackson-datatype-jdk8\2.12.5\jackson-datatype-jdk8-2.12.5.jar;C:\Users\deadm\.m2\repository\com\fasterxml\jackson\datatype\jackson-datatype-jsr310\2.12.5\jackson-datatype-jsr310-2.12.5.jar;C:\Users\deadm\.m2\repository\com\fasterxml\jackson\module\jackson-module-parameter-names\2.12.5\jackson-module-parameter-names-2.12.5.jar;C:\Users\deadm\.m2\repository\org\springframework\boot\spring-boot-starter-tomcat\2.5.7\spring-boot-starter-tomcat-2.5.7.jar;C:\Users\deadm\.m2\repository\org\apache\tomcat\embed\tomcat-embed-core\9.0.55\tomcat-embed-core-9.0.55.jar;C:\Users\deadm\.m2\repository\org\apache\tomcat\embed\tomcat-embed-el\9.0.55\tomcat-embed-el-9.0.55.jar;C:\Users\deadm\.m2\repository\org\apache\tomcat\embed\tomcat-embed-websocket\9.0.55\tomcat-embed-websocket-9.0.55.jar;C:\Users\deadm\.m2\repository\org\springframework\spring-web\5.3.13\spring-web-5.3.13.jar;C:\Users\deadm\.m2\repository\org\springframework\spring-webmvc\5.3.13\spring-webmvc-5.3.13.jar;C:\Users\deadm\.m2\repository\org\springframework\spring-expression\5.3.13\spring-expression-5.3.13.jar;C:\Users\deadm\.m2\repository\org\springframework\boot\spring-boot-starter-security\2.5.7\spring-boot-starter-security-2.5.7.jar;C:\Users\deadm\.m2\repository\org\springframework\spring-aop\5.3.13\spring-aop-5.3.13.jar;C:\Users\deadm\.m2\repository\org\springframework\security\spring-security-config\5.5.3\spring-security-config-5.5.3.jar;C:\Users\deadm\.m2\repository\org\springframework\security\spring-security-core\5.5.3\spring-security-core-5.5.3.jar;C:\Users\deadm\.m2\repository\org\springframework\security\spring-security-crypto\5.5.3\spring-security-crypto-5.5.3.jar;C:\Users\deadm\.m2\repository\org\springframework\security\spring-security-web\5.5.3\spring-security-web-5.5.3.jar;"/>
    <property name="java.vm.vendor" value="Oracle Corporation"/>
    <property name="sun.arch.data.model" value="64"/>
    <property name="user.variant" value=""/>
    <property name="java.vendor.url" value="https://java.oracle.com/"/>
    <property name="user.timezone" value="America/Sao_Paulo"/>
    <property name="os.name" value="Windows 10"/>
    <property name="java.vm.specification.version" value="17"/>
    <property name="sun.java.launcher" value="SUN_STANDARD"/>
    <property name="user.country" value="BR"/>
    <property name="sun.boot.library.path" value="D:\Program Files\JAVA\bin"/>
    <property name="sun.java.command" value="C:\Users\deadm\AppData\Local\Temp\surefire5544161918146104017\surefirebooter-20231123221751111_3.jar C:\Users\deadm\AppData\Local\Temp\surefire5544161918146104017 2023-11-23T22-17-50_280-jvmRun1 surefire-20231123221751111_1tmp surefire_0-20231123221751111_2tmp"/>
    <property name="jdk.debug" value="release"/>
    <property name="surefire.test.class.path" value="D:\deliveryProject\projetoDelivery\target\test-classes;D:\deliveryProject\projetoDelivery\target\classes;C:\Users\deadm\.m2\repository\junit\junit\3.8.1\junit-3.8.1.jar;C:\Users\deadm\.m2\repository\org\springframework\boot\spring-boot-starter-data-jpa\2.5.7\spring-boot-starter-data-jpa-2.5.7.jar;C:\Users\deadm\.m2\repository\org\springframework\boot\spring-boot-starter-aop\2.5.7\spring-boot-starter-aop-2.5.7.jar;C:\Users\deadm\.m2\repository\org\aspectj\aspectjweaver\1.9.7\aspectjweaver-1.9.7.jar;C:\Users\deadm\.m2\repository\org\springframework\boot\spring-boot-starter-jdbc\2.5.7\spring-boot-starter-jdbc-2.5.7.jar;C:\Users\deadm\.m2\repository\com\zaxxer\HikariCP\4.0.3\HikariCP-4.0.3.jar;C:\Users\deadm\.m2\repository\org\springframework\spring-jdbc\5.3.13\spring-jdbc-5.3.13.jar;C:\Users\deadm\.m2\repository\jakarta\transaction\jakarta.transaction-api\1.3.3\jakarta.transaction-api-1.3.3.jar;C:\Users\deadm\.m2\repository\jakarta\persistence\jakarta.persistence-api\2.2.3\jakarta.persistence-api-2.2.3.jar;C:\Users\deadm\.m2\repository\org\hibernate\hibernate-core\5.4.32.Final\hibernate-core-5.4.32.Final.jar;C:\Users\deadm\.m2\repository\org\jboss\logging\jboss-logging\3.4.1.Final\jboss-logging-3.4.1.Final.jar;C:\Users\deadm\.m2\repository\org\javassist\javassist\3.27.0-GA\javassist-3.27.0-GA.jar;C:\Users\deadm\.m2\repository\net\bytebuddy\byte-buddy\1.10.22\byte-buddy-1.10.22.jar;C:\Users\deadm\.m2\repository\antlr\antlr\2.7.7\antlr-2.7.7.jar;C:\Users\deadm\.m2\repository\org\jboss\jandex\2.2.3.Final\jandex-2.2.3.Final.jar;C:\Users\deadm\.m2\repository\com\fasterxml\classmate\1.5.1\classmate-1.5.1.jar;C:\Users\deadm\.m2\repository\org\dom4j\dom4j\2.1.3\dom4j-2.1.3.jar;C:\Users\deadm\.m2\repository\org\hibernate\common\hibernate-commons-annotations\5.1.2.Final\hibernate-commons-annotations-5.1.2.Final.jar;C:\Users\deadm\.m2\repository\org\glassfish\jaxb\jaxb-runtime\2.3.1\jaxb-runtime-2.3.1.jar;C:\Users\deadm\.m2\repository\org\glassfish\jaxb\txw2\2.3.1\txw2-2.3.1.jar;C:\Users\deadm\.m2\repository\com\sun\istack\istack-commons-runtime\3.0.7\istack-commons-runtime-3.0.7.jar;C:\Users\deadm\.m2\repository\org\jvnet\staxex\stax-ex\1.8\stax-ex-1.8.jar;C:\Users\deadm\.m2\repository\com\sun\xml\fastinfoset\FastInfoset\1.2.15\FastInfoset-1.2.15.jar;C:\Users\deadm\.m2\repository\org\springframework\data\spring-data-jpa\2.5.7\spring-data-jpa-2.5.7.jar;C:\Users\deadm\.m2\repository\org\springframework\data\spring-data-commons\2.5.7\spring-data-commons-2.5.7.jar;C:\Users\deadm\.m2\repository\org\springframework\spring-orm\5.3.13\spring-orm-5.3.13.jar;C:\Users\deadm\.m2\repository\org\springframework\spring-context\5.3.13\spring-context-5.3.13.jar;C:\Users\deadm\.m2\repository\org\springframework\spring-tx\5.3.13\spring-tx-5.3.13.jar;C:\Users\deadm\.m2\repository\org\springframework\spring-beans\5.3.13\spring-beans-5.3.13.jar;C:\Users\deadm\.m2\repository\org\springframework\spring-core\5.3.13\spring-core-5.3.13.jar;C:\Users\deadm\.m2\repository\org\springframework\spring-jcl\5.3.13\spring-jcl-5.3.13.jar;C:\Users\deadm\.m2\repository\org\slf4j\slf4j-api\1.7.26\slf4j-api-1.7.26.jar;C:\Users\deadm\.m2\repository\org\springframework\spring-aspects\5.3.13\spring-aspects-5.3.13.jar;C:\Users\deadm\.m2\repository\org\postgresql\postgresql\42.6.0\postgresql-42.6.0.jar;C:\Users\deadm\.m2\repository\org\checkerframework\checker-qual\3.31.0\checker-qual-3.31.0.jar;C:\Users\deadm\.m2\repository\org\springframework\boot\spring-boot-starter-web\2.5.7\spring-boot-starter-web-2.5.7.jar;C:\Users\deadm\.m2\repository\org\springframework\boot\spring-boot-starter\2.5.7\spring-boot-starter-2.5.7.jar;C:\Users\deadm\.m2\repository\org\springframework\boot\spring-boot\2.5.7\spring-boot-2.5.7.jar;C:\Users\deadm\.m2\repository\org\springframework\boot\spring-boot-autoconfigure\2.5.7\spring-boot-autoconfigure-2.5.7.jar;C:\Users\deadm\.m2\repository\org\springframework\boot\spring-boot-starter-logging\2.5.7\spring-boot-starter-logging-2.5.7.jar;C:\Users\deadm\.m2\repository\ch\qos\logback\logback-classic\1.2.7\logback-classic-1.2.7.jar;C:\Users\deadm\.m2\repository\ch\qos\logback\logback-core\1.2.7\logback-core-1.2.7.jar;C:\Users\deadm\.m2\repository\org\apache\logging\log4j\log4j-to-slf4j\2.14.1\log4j-to-slf4j-2.14.1.jar;C:\Users\deadm\.m2\repository\org\apache\logging\log4j\log4j-api\2.14.1\log4j-api-2.14.1.jar;C:\Users\deadm\.m2\repository\org\slf4j\jul-to-slf4j\1.7.32\jul-to-slf4j-1.7.32.jar;C:\Users\deadm\.m2\repository\jakarta\annotation\jakarta.annotation-api\1.3.5\jakarta.annotation-api-1.3.5.jar;C:\Users\deadm\.m2\repository\org\yaml\snakeyaml\1.28\snakeyaml-1.28.jar;C:\Users\deadm\.m2\repository\org\springframework\boot\spring-boot-starter-json\2.5.7\spring-boot-starter-json-2.5.7.jar;C:\Users\deadm\.m2\repository\com\fasterxml\jackson\core\jackson-databind\2.12.5\jackson-databind-2.12.5.jar;C:\Users\deadm\.m2\repository\com\fasterxml\jackson\core\jackson-annotations\2.12.5\jackson-annotations-2.12.5.jar;C:\Users\deadm\.m2\repository\com\fasterxml\jackson\core\jackson-core\2.12.5\jackson-core-2.12.5.jar;C:\Users\deadm\.m2\repository\com\fasterxml\jackson\datatype\jackson-datatype-jdk8\2.12.5\jackson-datatype-jdk8-2.12.5.jar;C:\Users\deadm\.m2\repository\com\fasterxml\jackson\datatype\jackson-datatype-jsr310\2.12.5\jackson-datatype-jsr310-2.12.5.jar;C:\Users\deadm\.m2\repository\com\fasterxml\jackson\module\jackson-module-parameter-names\2.12.5\jackson-module-parameter-names-2.12.5.jar;C:\Users\deadm\.m2\repository\org\springframework\boot\spring-boot-starter-tomcat\2.5.7\spring-boot-starter-tomcat-2.5.7.jar;C:\Users\deadm\.m2\repository\org\apache\tomcat\embed\tomcat-embed-core\9.0.55\tomcat-embed-core-9.0.55.jar;C:\Users\deadm\.m2\repository\org\apache\tomcat\embed\tomcat-embed-el\9.0.55\tomcat-embed-el-9.0.55.jar;C:\Users\deadm\.m2\repository\org\apache\tomcat\embed\tomcat-embed-websocket\9.0.55\tomcat-embed-websocket-9.0.55.jar;C:\Users\deadm\.m2\repository\org\springframework\spring-web\5.3.13\spring-web-5.3.13.jar;C:\Users\deadm\.m2\repository\org\springframework\spring-webmvc\5.3.13\spring-webmvc-5.3.13.jar;C:\Users\deadm\.m2\repository\org\springframework\spring-expression\5.3.13\spring-expression-5.3.13.jar;C:\Users\deadm\.m2\repository\org\springframework\boot\spring-boot-starter-security\2.5.7\spring-boot-starter-security-2.5.7.jar;C:\Users\deadm\.m2\repository\org\springframework\spring-aop\5.3.13\spring-aop-5.3.13.jar;C:\Users\deadm\.m2\repository\org\springframework\security\spring-security-config\5.5.3\spring-security-config-5.5.3.jar;C:\Users\deadm\.m2\repository\org\springframework\security\spring-security-core\5.5.3\spring-security-core-5.5.3.jar;C:\Users\deadm\.m2\repository\org\springframework\security\spring-security-crypto\5.5.3\spring-security-crypto-5.5.3.jar;C:\Users\deadm\.m2\repository\org\springframework\security\spring-security-web\5.5.3\spring-security-web-5.5.3.jar;"/>
    <property name="sun.cpu.endian" value="little"/>
    <property name="user.home" value="C:\Users\deadm"/>
    <property name="user.language" value="pt"/>
    <property name="java.specification.vendor" value="Oracle Corporation"/>
    <property name="java.version.date" value="2023-10-17"/>
    <property name="java.home" value="D:\Program Files\JAVA"/>
    <property name="file.separator" value="\"/>
    <property name="basedir" value="D:\deliveryProject\projetoDelivery"/>
    <property name="java.vm.compressedOopsMode" value="Zero based"/>
    <property name="line.separator" value="&#10;"/>
    <property name="java.vm.specification.vendor" value="Oracle Corporation"/>
    <property name="java.specification.name" value="Java Platform API Specification"/>
    <property name="surefire.real.class.path" value="C:\Users\deadm\AppData\Local\Temp\surefire5544161918146104017\surefirebooter-20231123221751111_3.jar"/>
    <property name="user.script" value=""/>
    <property name="sun.management.compiler" value="HotSpot 64-Bit Tiered Compilers"/>
    <property name="java.runtime.version" value="17.0.9+11-LTS-201"/>
    <property name="user.name" value="deadm"/>
    <property name="path.separator" value=";"/>
    <property name="os.version" value="10.0"/>
    <property name="java.runtime.name" value="Java(TM) SE Runtime Environment"/>
    <property name="file.encoding" value="Cp1252"/>
    <property name="java.vm.name" value="Java HotSpot(TM) 64-Bit Server VM"/>
    <property name="localRepository" value="C:\Users\deadm\.m2\repository"/>
    <property name="java.vendor.url.bug" value="https://bugreport.java.com/bugreport/"/>
    <property name="java.io.tmpdir" value="C:\Users\deadm\AppData\Local\Temp\"/>
    <property name="java.version" value="17.0.9"/>
    <property name="user.dir" value="D:\deliveryProject\projetoDelivery"/>
    <property name="os.arch" value="amd64"/>
    <property name="java.vm.specification.name" value="Java Virtual Machine Specification"/>
    <property name="sun.os.patch.level" value=""/>
    <property name="native.encoding" value="Cp1252"/>
    <property name="java.library.path" value="D:\Program Files\JAVA\bin;C:\Windows\Sun\Java\bin;C:\Windows\system32;C:\Windows;C:\Program Files\Common Files\Oracle\Java\javapath;C:\Program Files\nodejs;D:\Git;C:\Program Files\Git\cmd;C:\Program Files\system32\cmd.exe;D:\apache-maven-3.9.5-bin\apache-maven-3.9.5\bin;C:\Program Files\PostgreSQL\16\bin;C:\Users\deadm\AppData\Local\Microsoft\WindowsApps;D:\Microsoft VS Code\bin;C:\Users\deadm\AppData\Local\GitHubDesktop\bin;C:\Users\deadm\AppData\Roaming\npm;."/>
    <property name="java.vm.info" value="mixed mode, sharing"/>
    <property name="java.vendor" value="Oracle Corporation"/>
    <property name="java.vm.version" value="17.0.9+11-LTS-201"/>
    <property name="sun.io.unicode.encoding" value="UnicodeLittle"/>
    <property name="java.class.version" value="61.0"/>
  </properties>
  <testcase name="testApp" classname="com.delivery.AppTest" time="0.004"/>
</testsuite>